2015-02-27 06:40:39 Error: [PDOException] SQLSTATE[HY000] [1045] Access denied for user 'my_app'@'localhost' (using password: YES)
Stack Trace:
#0 E:\cakeblog\vendor\cakephp\cakephp\src\Database\Driver\PDODriverTrait.php(48): PDO->__construct('mysql:host=loca...', 'my_app', 'secret', Array)
#1 E:\cakeblog\vendor\cakephp\cakephp\src\Database\Driver\Mysql.php(86): Cake\Database\Driver\Mysql->_connect('mysql:host=loca...', Array)
#2 E:\cakeblog\vendor\cakephp\cakephp\src\Database\Schema\BaseSchema.php(46): Cake\Database\Driver\Mysql->connect()
#3 E:\cakeblog\vendor\cakephp\cakephp\src\Database\Dialect\MysqlDialectTrait.php(62): Cake\Database\Schema\BaseSchema->__construct(Object(Cake\Database\Driver\Mysql))
#4 E:\cakeblog\vendor\cakephp\cakephp\src\Database\Schema\Collection.php(52): Cake\Database\Driver\Mysql->schemaDialect()
#5 E:\cakeblog\vendor\cakephp\cakephp\src\Database\Schema\CachedCollection.php(44): Cake\Database\Schema\Collection->__construct(Object(Cake\Database\Connection))
#6 E:\cakeblog\vendor\cakephp\cakephp\src\Database\Connection.php(319): Cake\Database\Schema\CachedCollection->__construct(Object(Cake\Database\Connection), true)
#7 E:\cakeblog\vendor\cakephp\bake\src\Shell\Task\ModelTask.php(759): Cake\Database\Connection->schemaCollection()
#8 E:\cakeblog\vendor\cakephp\bake\src\Shell\Task\ModelTask.php(735): Bake\Shell\Task\ModelTask->_getAllTables()
#9 E:\cakeblog\vendor\cakephp\bake\src\Shell\Task\ModelTask.php(184): Bake\Shell\Task\ModelTask->listAll()
#10 E:\cakeblog\vendor\cakephp\bake\src\Shell\Task\ModelTask.php(109): Bake\Shell\Task\ModelTask->getAssociations(Object(Cake\ORM\Table))
#11 E:\cakeblog\vendor\cakephp\bake\src\Shell\Task\ModelTask.php(95): Bake\Shell\Task\ModelTask->bake('Users')
#12 E:\cakeblog\vendor\cakephp\bake\src\Shell\BakeShell.php(226): Bake\Shell\Task\ModelTask->main('Users')
#13 [internal function]: Bake\Shell\BakeShell->all('users')
#14 E:\cakeblog\vendor\cakephp\cakephp\src\Console\Shell.php(376): call_user_func_array(Array, Array)
#15 E:\cakeblog\vendor\cakephp\cakephp\src\Console\ShellDispatcher.php(200): Cake\Console\Shell->runCommand(Array, true)
#16 E:\cakeblog\vendor\cakephp\cakephp\src\Console\ShellDispatcher.php(171): Cake\Console\ShellDispatcher->_dispatch()
#17 E:\cakeblog\vendor\cakephp\cakephp\src\Console\ShellDispatcher.php(122): Cake\Console\ShellDispatcher->dispatch()
#18 E:\cakeblog\bin\cake.php(20): Cake\Console\ShellDispatcher::run(Array)
#19 {main}


2015-02-27 06:42:17 Error: [Cake\Console\Exception\MissingShellException] Shell class for "All" could not be found.
Exception Attributes: array (
  'class' => 'All',
)
Stack Trace:
#0 E:\cakeblog\vendor\cakephp\cakephp\src\Console\ShellDispatcher.php(197): Cake\Console\ShellDispatcher->findShell('all')
#1 E:\cakeblog\vendor\cakephp\cakephp\src\Console\ShellDispatcher.php(171): Cake\Console\ShellDispatcher->_dispatch()
#2 E:\cakeblog\vendor\cakephp\cakephp\src\Console\ShellDispatcher.php(122): Cake\Console\ShellDispatcher->dispatch()
#3 E:\cakeblog\bin\cake.php(20): Cake\Console\ShellDispatcher::run(Array)
#4 {main}


