2015-02-27 06:39:45 Error: [Cake\Routing\Exception\MissingControllerException] Controller class Bookmarks could not be found.
Exception Attributes: array (
  'class' => 'Bookmarks',
  'plugin' => NULL,
  'prefix' => NULL,
  '_ext' => NULL,
)
Request URL: /bookmarks
Stack Trace:
#0 E:\cakeblog\webroot\index.php(37): Cake\Routing\Dispatcher->dispatch(Object(Cake\Network\Request), Object(Cake\Network\Response))
#1 {main}


2015-02-27 06:42:43 Error: [Cake\Routing\Exception\MissingControllerException] Controller class BookmarksTags could not be found.
Exception Attributes: array (
  'class' => 'BookmarksTags',
  'plugin' => NULL,
  'prefix' => NULL,
  '_ext' => NULL,
)
Request URL: /bookmarks_tags/add
Stack Trace:
#0 E:\cakeblog\webroot\index.php(37): Cake\Routing\Dispatcher->dispatch(Object(Cake\Network\Request), Object(Cake\Network\Response))
#1 {main}


2015-02-27 06:43:23 Error: [Cake\Routing\Exception\MissingControllerException] Controller class BookmarksTags could not be found.
Exception Attributes: array (
  'class' => 'BookmarksTags',
  'plugin' => NULL,
  'prefix' => NULL,
  '_ext' => NULL,
)
Request URL: /bookmarks_tags/add
Stack Trace:
#0 E:\cakeblog\webroot\index.php(37): Cake\Routing\Dispatcher->dispatch(Object(Cake\Network\Request), Object(Cake\Network\Response))
#1 {main}


2015-02-27 06:43:37 Error: [Cake\Routing\Exception\MissingControllerException] Controller class BookmarksTags could not be found.
Exception Attributes: array (
  'class' => 'BookmarksTags',
  'plugin' => NULL,
  'prefix' => NULL,
  '_ext' => NULL,
)
Request URL: /bookmarks_tags/add
Stack Trace:
#0 E:\cakeblog\webroot\index.php(37): Cake\Routing\Dispatcher->dispatch(Object(Cake\Network\Request), Object(Cake\Network\Response))
#1 {main}


2015-02-27 07:03:50 Error: [Cake\Routing\Exception\MissingControllerException] Controller class Bookmarsk could not be found.
Exception Attributes: array (
  'class' => 'Bookmarsk',
  'plugin' => NULL,
  'prefix' => NULL,
  '_ext' => NULL,
)
Request URL: /bookmarsk
Stack Trace:
#0 E:\cakeblog\webroot\index.php(37): Cake\Routing\Dispatcher->dispatch(Object(Cake\Network\Request), Object(Cake\Network\Response))
#1 {main}


2015-02-27 07:04:59 Error: [PDOException] SQLSTATE[HY000]: General error: 1366 Incorrect string value: '\xE4\xB8\xAD\xE5\x9B\xBD...' for column 'title' at row 1
Request URL: /bookmarks/add
Stack Trace:
#0 E:\cakeblog\vendor\cakephp\cakephp\src\Database\Statement\MysqlStatement.php(36): PDOStatement->execute(NULL)
#1 E:\cakeblog\vendor\cakephp\cakephp\src\Database\Statement\StatementDecorator.php(161): Cake\Database\Statement\MysqlStatement->execute(NULL)
#2 E:\cakeblog\vendor\cakephp\cakephp\src\Database\Log\LoggingStatement.php(55): Cake\Database\Statement\StatementDecorator->execute(NULL)
#3 E:\cakeblog\vendor\cakephp\cakephp\src\Database\Connection.php(274): Cake\Database\Log\LoggingStatement->execute()
#4 E:\cakeblog\vendor\cakephp\cakephp\src\Database\Query.php(174): Cake\Database\Connection->run(Object(Cake\ORM\Query))
#5 E:\cakeblog\vendor\cakephp\cakephp\src\ORM\Table.php(1424): Cake\Database\Query->execute()
#6 E:\cakeblog\vendor\cakephp\cakephp\src\ORM\Table.php(1347): Cake\ORM\Table->_insert(Object(App\Model\Entity\Bookmark), Array)
#7 E:\cakeblog\vendor\cakephp\cakephp\src\ORM\Table.php(1290): Cake\ORM\Table->_processSave(Object(App\Model\Entity\Bookmark), Object(ArrayObject))
#8 E:\cakeblog\vendor\cakephp\cakephp\src\Database\Connection.php(561): Cake\ORM\Table->Cake\ORM\{closure}(Object(Cake\Database\Connection))
#9 E:\cakeblog\vendor\cakephp\cakephp\src\ORM\Table.php(1291): Cake\Database\Connection->transactional(Object(Closure))
#10 E:\cakeblog\src\Controller\BookmarksController.php(54): Cake\ORM\Table->save(Object(App\Model\Entity\Bookmark))
#11 [internal function]: App\Controller\BookmarksController->add()
#12 E:\cakeblog\vendor\cakephp\cakephp\src\Controller\Controller.php(405): call_user_func_array(Array, Array)
#13 E:\cakeblog\vendor\cakephp\cakephp\src\Routing\Dispatcher.php(114): Cake\Controller\Controller->invokeAction()
#14 E:\cakeblog\vendor\cakephp\cakephp\src\Routing\Dispatcher.php(87): Cake\Routing\Dispatcher->_invoke(Object(App\Controller\BookmarksController))
#15 E:\cakeblog\webroot\index.php(37): Cake\Routing\Dispatcher->dispatch(Object(Cake\Network\Request), Object(Cake\Network\Response))
#16 {main}


2015-02-27 07:10:43 Error: [Cake\Routing\Exception\MissingControllerException] Controller class BookmarksTags could not be found.
Exception Attributes: array (
  'class' => 'BookmarksTags',
  'plugin' => NULL,
  'prefix' => NULL,
  '_ext' => NULL,
)
Request URL: /bookmarks_tags/add
Stack Trace:
#0 E:\cakeblog\webroot\index.php(37): Cake\Routing\Dispatcher->dispatch(Object(Cake\Network\Request), Object(Cake\Network\Response))
#1 {main}


2015-02-27 07:11:32 Error: [Cake\Routing\Exception\MissingControllerException] Controller class BookmarksTags could not be found.
Exception Attributes: array (
  'class' => 'BookmarksTags',
  'plugin' => NULL,
  'prefix' => NULL,
  '_ext' => NULL,
)
Request URL: /bookmarks_tags/add
Stack Trace:
#0 E:\cakeblog\webroot\index.php(37): Cake\Routing\Dispatcher->dispatch(Object(Cake\Network\Request), Object(Cake\Network\Response))
#1 {main}


2015-02-27 07:18:36 Error: [Cake\Controller\Exception\MissingActionException] Action BookmarksController::tags() could not be found, or is not accessible.
Exception Attributes: array (
  'controller' => 'BookmarksController',
  'action' => 'tags',
  'prefix' => '',
  'plugin' => NULL,
)
Request URL: /bookmarks/tagged
Stack Trace:
#0 E:\cakeblog\vendor\cakephp\cakephp\src\Routing\Dispatcher.php(114): Cake\Controller\Controller->invokeAction()
#1 E:\cakeblog\vendor\cakephp\cakephp\src\Routing\Dispatcher.php(87): Cake\Routing\Dispatcher->_invoke(Object(App\Controller\BookmarksController))
#2 E:\cakeblog\webroot\index.php(37): Cake\Routing\Dispatcher->dispatch(Object(Cake\Network\Request), Object(Cake\Network\Response))
#3 {main}


2015-02-27 07:24:01 Error: [BadMethodCallException] Unknown finder method "tags"
Request URL: /bookmarks/tagged
Stack Trace:
#0 E:\cakeblog\vendor\cakephp\cakephp\src\ORM\Table.php(825): Cake\ORM\Table->callFinder('tags', Object(Cake\ORM\Query), Array)
#1 E:\cakeblog\src\Controller\BookmarksController.php(115): Cake\ORM\Table->find('tags', Array)
#2 [internal function]: App\Controller\BookmarksController->tags()
#3 E:\cakeblog\vendor\cakephp\cakephp\src\Controller\Controller.php(405): call_user_func_array(Array, Array)
#4 E:\cakeblog\vendor\cakephp\cakephp\src\Routing\Dispatcher.php(114): Cake\Controller\Controller->invokeAction()
#5 E:\cakeblog\vendor\cakephp\cakephp\src\Routing\Dispatcher.php(87): Cake\Routing\Dispatcher->_invoke(Object(App\Controller\BookmarksController))
#6 E:\cakeblog\webroot\index.php(37): Cake\Routing\Dispatcher->dispatch(Object(Cake\Network\Request), Object(Cake\Network\Response))
#7 {main}


2015-02-27 07:29:28 Error: [BadMethodCallException] Unknown finder method "tags"
Request URL: /bookmarks/tagged
Stack Trace:
#0 E:\cakeblog\vendor\cakephp\cakephp\src\ORM\Table.php(825): Cake\ORM\Table->callFinder('tags', Object(Cake\ORM\Query), Array)
#1 E:\cakeblog\src\Controller\BookmarksController.php(115): Cake\ORM\Table->find('tags', Array)
#2 [internal function]: App\Controller\BookmarksController->tags()
#3 E:\cakeblog\vendor\cakephp\cakephp\src\Controller\Controller.php(405): call_user_func_array(Array, Array)
#4 E:\cakeblog\vendor\cakephp\cakephp\src\Routing\Dispatcher.php(114): Cake\Controller\Controller->invokeAction()
#5 E:\cakeblog\vendor\cakephp\cakephp\src\Routing\Dispatcher.php(87): Cake\Routing\Dispatcher->_invoke(Object(App\Controller\BookmarksController))
#6 E:\cakeblog\webroot\index.php(37): Cake\Routing\Dispatcher->dispatch(Object(Cake\Network\Request), Object(Cake\Network\Response))
#7 {main}


2015-02-27 07:29:29 Error: [BadMethodCallException] Unknown finder method "tags"
Request URL: /bookmarks/tagged
Stack Trace:
#0 E:\cakeblog\vendor\cakephp\cakephp\src\ORM\Table.php(825): Cake\ORM\Table->callFinder('tags', Object(Cake\ORM\Query), Array)
#1 E:\cakeblog\src\Controller\BookmarksController.php(115): Cake\ORM\Table->find('tags', Array)
#2 [internal function]: App\Controller\BookmarksController->tags()
#3 E:\cakeblog\vendor\cakephp\cakephp\src\Controller\Controller.php(405): call_user_func_array(Array, Array)
#4 E:\cakeblog\vendor\cakephp\cakephp\src\Routing\Dispatcher.php(114): Cake\Controller\Controller->invokeAction()
#5 E:\cakeblog\vendor\cakephp\cakephp\src\Routing\Dispatcher.php(87): Cake\Routing\Dispatcher->_invoke(Object(App\Controller\BookmarksController))
#6 E:\cakeblog\webroot\index.php(37): Cake\Routing\Dispatcher->dispatch(Object(Cake\Network\Request), Object(Cake\Network\Response))
#7 {main}


2015-02-27 07:29:38 Error: [Cake\Routing\Exception\MissingControllerException] Controller class Bookmark could not be found.
Exception Attributes: array (
  'class' => 'Bookmark',
  'plugin' => NULL,
  'prefix' => NULL,
  '_ext' => NULL,
)
Request URL: /bookmark/tagged
Stack Trace:
#0 E:\cakeblog\webroot\index.php(37): Cake\Routing\Dispatcher->dispatch(Object(Cake\Network\Request), Object(Cake\Network\Response))
#1 {main}


2015-02-27 07:29:42 Error: [BadMethodCallException] Unknown finder method "tags"
Request URL: /bookmarks/tagged
Stack Trace:
#0 E:\cakeblog\vendor\cakephp\cakephp\src\ORM\Table.php(825): Cake\ORM\Table->callFinder('tags', Object(Cake\ORM\Query), Array)
#1 E:\cakeblog\src\Controller\BookmarksController.php(115): Cake\ORM\Table->find('tags', Array)
#2 [internal function]: App\Controller\BookmarksController->tags()
#3 E:\cakeblog\vendor\cakephp\cakephp\src\Controller\Controller.php(405): call_user_func_array(Array, Array)
#4 E:\cakeblog\vendor\cakephp\cakephp\src\Routing\Dispatcher.php(114): Cake\Controller\Controller->invokeAction()
#5 E:\cakeblog\vendor\cakephp\cakephp\src\Routing\Dispatcher.php(87): Cake\Routing\Dispatcher->_invoke(Object(App\Controller\BookmarksController))
#6 E:\cakeblog\webroot\index.php(37): Cake\Routing\Dispatcher->dispatch(Object(Cake\Network\Request), Object(Cake\Network\Response))
#7 {main}


2015-02-27 07:31:03 Error: [BadMethodCallException] Unknown finder method "tags"
Request URL: /bookmarks/tagged
Stack Trace:
#0 E:\cakeblog\vendor\cakephp\cakephp\src\ORM\Table.php(825): Cake\ORM\Table->callFinder('tags', Object(Cake\ORM\Query), Array)
#1 E:\cakeblog\src\Controller\BookmarksController.php(115): Cake\ORM\Table->find('tags', Array)
#2 [internal function]: App\Controller\BookmarksController->tags()
#3 E:\cakeblog\vendor\cakephp\cakephp\src\Controller\Controller.php(405): call_user_func_array(Array, Array)
#4 E:\cakeblog\vendor\cakephp\cakephp\src\Routing\Dispatcher.php(114): Cake\Controller\Controller->invokeAction()
#5 E:\cakeblog\vendor\cakephp\cakephp\src\Routing\Dispatcher.php(87): Cake\Routing\Dispatcher->_invoke(Object(App\Controller\BookmarksController))
#6 E:\cakeblog\webroot\index.php(37): Cake\Routing\Dispatcher->dispatch(Object(Cake\Network\Request), Object(Cake\Network\Response))
#7 {main}


2015-02-27 07:31:28 Warning: Warning (4096): Argument 1 passed to Cake\Utility\Text::toList() must be of the type array, null given, called in E:\cakeblog\vendor\cakephp\cakephp\src\View\Helper\TextHelper.php on line 367 and defined in [E:\cakeblog\vendor\cakephp\cakephp\src\Utility\Text.php, line 655]
Trace:
Cake\Error\BaseErrorHandler::handleError() - CORE\src\Error\BaseErrorHandler.php, line 138
Cake\Utility\Text::toList() - CORE\src\Utility\Text.php, line 655
Cake\View\Helper\TextHelper::toList() - CORE\src\View\Helper\TextHelper.php, line 367
include - APP/Template\Bookmarks\tags.ctp, line 3
Cake\View\View::_evaluate() - CORE\src\View\View.php, line 815
Cake\View\View::_render() - CORE\src\View\View.php, line 775
Cake\View\View::render() - CORE\src\View\View.php, line 463
Cake\Controller\Controller::render() - CORE\src\Controller\Controller.php, line 576
Cake\Routing\Dispatcher::_invoke() - CORE\src\Routing\Dispatcher.php, line 120
Cake\Routing\Dispatcher::dispatch() - CORE\src\Routing\Dispatcher.php, line 87
[main] - ROOT\webroot\index.php, line 37



2015-02-27 07:31:28 Warning: Warning (2): array_pop() expects parameter 1 to be array, null given in [E:\cakeblog\vendor\cakephp\cakephp\src\Utility\Text.php, line 664]
Trace:
Cake\Error\BaseErrorHandler::handleError() - CORE\src\Error\BaseErrorHandler.php, line 138
array_pop - [internal], line ??
Cake\Utility\Text::toList() - CORE\src\Utility\Text.php, line 664
Cake\View\Helper\TextHelper::toList() - CORE\src\View\Helper\TextHelper.php, line 367
include - APP/Template\Bookmarks\tags.ctp, line 3
Cake\View\View::_evaluate() - CORE\src\View\View.php, line 815
Cake\View\View::_render() - CORE\src\View\View.php, line 775
Cake\View\View::render() - CORE\src\View\View.php, line 463
Cake\Controller\Controller::render() - CORE\src\Controller\Controller.php, line 576
Cake\Routing\Dispatcher::_invoke() - CORE\src\Routing\Dispatcher.php, line 120
Cake\Routing\Dispatcher::dispatch() - CORE\src\Routing\Dispatcher.php, line 87
[main] - ROOT\webroot\index.php, line 37



2015-02-27 07:32:06 Warning: Warning (4096): Argument 1 passed to Cake\Utility\Text::toList() must be of the type array, null given, called in E:\cakeblog\vendor\cakephp\cakephp\src\View\Helper\TextHelper.php on line 367 and defined in [E:\cakeblog\vendor\cakephp\cakephp\src\Utility\Text.php, line 655]
Trace:
Cake\Error\BaseErrorHandler::handleError() - CORE\src\Error\BaseErrorHandler.php, line 138
Cake\Utility\Text::toList() - CORE\src\Utility\Text.php, line 655
Cake\View\Helper\TextHelper::toList() - CORE\src\View\Helper\TextHelper.php, line 367
include - APP/Template\Bookmarks\tags.ctp, line 3
Cake\View\View::_evaluate() - CORE\src\View\View.php, line 815
Cake\View\View::_render() - CORE\src\View\View.php, line 775
Cake\View\View::render() - CORE\src\View\View.php, line 463
Cake\Controller\Controller::render() - CORE\src\Controller\Controller.php, line 576
Cake\Routing\Dispatcher::_invoke() - CORE\src\Routing\Dispatcher.php, line 120
Cake\Routing\Dispatcher::dispatch() - CORE\src\Routing\Dispatcher.php, line 87
[main] - ROOT\webroot\index.php, line 37



2015-02-27 07:32:06 Warning: Warning (2): array_pop() expects parameter 1 to be array, null given in [E:\cakeblog\vendor\cakephp\cakephp\src\Utility\Text.php, line 664]
Trace:
Cake\Error\BaseErrorHandler::handleError() - CORE\src\Error\BaseErrorHandler.php, line 138
array_pop - [internal], line ??
Cake\Utility\Text::toList() - CORE\src\Utility\Text.php, line 664
Cake\View\Helper\TextHelper::toList() - CORE\src\View\Helper\TextHelper.php, line 367
include - APP/Template\Bookmarks\tags.ctp, line 3
Cake\View\View::_evaluate() - CORE\src\View\View.php, line 815
Cake\View\View::_render() - CORE\src\View\View.php, line 775
Cake\View\View::render() - CORE\src\View\View.php, line 463
Cake\Controller\Controller::render() - CORE\src\Controller\Controller.php, line 576
Cake\Routing\Dispatcher::_invoke() - CORE\src\Routing\Dispatcher.php, line 120
Cake\Routing\Dispatcher::dispatch() - CORE\src\Routing\Dispatcher.php, line 87
[main] - ROOT\webroot\index.php, line 37



2015-02-27 07:32:10 Warning: Warning (4096): Argument 1 passed to Cake\Utility\Text::toList() must be of the type array, null given, called in E:\cakeblog\vendor\cakephp\cakephp\src\View\Helper\TextHelper.php on line 367 and defined in [E:\cakeblog\vendor\cakephp\cakephp\src\Utility\Text.php, line 655]
Trace:
Cake\Error\BaseErrorHandler::handleError() - CORE\src\Error\BaseErrorHandler.php, line 138
Cake\Utility\Text::toList() - CORE\src\Utility\Text.php, line 655
Cake\View\Helper\TextHelper::toList() - CORE\src\View\Helper\TextHelper.php, line 367
include - APP/Template\Bookmarks\tags.ctp, line 3
Cake\View\View::_evaluate() - CORE\src\View\View.php, line 815
Cake\View\View::_render() - CORE\src\View\View.php, line 775
Cake\View\View::render() - CORE\src\View\View.php, line 463
Cake\Controller\Controller::render() - CORE\src\Controller\Controller.php, line 576
Cake\Routing\Dispatcher::_invoke() - CORE\src\Routing\Dispatcher.php, line 120
Cake\Routing\Dispatcher::dispatch() - CORE\src\Routing\Dispatcher.php, line 87
[main] - ROOT\webroot\index.php, line 37



2015-02-27 07:32:10 Warning: Warning (2): array_pop() expects parameter 1 to be array, null given in [E:\cakeblog\vendor\cakephp\cakephp\src\Utility\Text.php, line 664]
Trace:
Cake\Error\BaseErrorHandler::handleError() - CORE\src\Error\BaseErrorHandler.php, line 138
array_pop - [internal], line ??
Cake\Utility\Text::toList() - CORE\src\Utility\Text.php, line 664
Cake\View\Helper\TextHelper::toList() - CORE\src\View\Helper\TextHelper.php, line 367
include - APP/Template\Bookmarks\tags.ctp, line 3
Cake\View\View::_evaluate() - CORE\src\View\View.php, line 815
Cake\View\View::_render() - CORE\src\View\View.php, line 775
Cake\View\View::render() - CORE\src\View\View.php, line 463
Cake\Controller\Controller::render() - CORE\src\Controller\Controller.php, line 576
Cake\Routing\Dispatcher::_invoke() - CORE\src\Routing\Dispatcher.php, line 120
Cake\Routing\Dispatcher::dispatch() - CORE\src\Routing\Dispatcher.php, line 87
[main] - ROOT\webroot\index.php, line 37



2015-02-27 07:32:43 Warning: Warning (4096): Argument 1 passed to Cake\Utility\Text::toList() must be of the type array, null given, called in E:\cakeblog\vendor\cakephp\cakephp\src\View\Helper\TextHelper.php on line 367 and defined in [E:\cakeblog\vendor\cakephp\cakephp\src\Utility\Text.php, line 655]
Trace:
Cake\Error\BaseErrorHandler::handleError() - CORE\src\Error\BaseErrorHandler.php, line 138
Cake\Utility\Text::toList() - CORE\src\Utility\Text.php, line 655
Cake\View\Helper\TextHelper::toList() - CORE\src\View\Helper\TextHelper.php, line 367
include - APP/Template\Bookmarks\tags.ctp, line 3
Cake\View\View::_evaluate() - CORE\src\View\View.php, line 815
Cake\View\View::_render() - CORE\src\View\View.php, line 775
Cake\View\View::render() - CORE\src\View\View.php, line 463
Cake\Controller\Controller::render() - CORE\src\Controller\Controller.php, line 576
Cake\Routing\Dispatcher::_invoke() - CORE\src\Routing\Dispatcher.php, line 120
Cake\Routing\Dispatcher::dispatch() - CORE\src\Routing\Dispatcher.php, line 87
[main] - ROOT\webroot\index.php, line 37



2015-02-27 07:32:43 Warning: Warning (2): array_pop() expects parameter 1 to be array, null given in [E:\cakeblog\vendor\cakephp\cakephp\src\Utility\Text.php, line 664]
Trace:
Cake\Error\BaseErrorHandler::handleError() - CORE\src\Error\BaseErrorHandler.php, line 138
array_pop - [internal], line ??
Cake\Utility\Text::toList() - CORE\src\Utility\Text.php, line 664
Cake\View\Helper\TextHelper::toList() - CORE\src\View\Helper\TextHelper.php, line 367
include - APP/Template\Bookmarks\tags.ctp, line 3
Cake\View\View::_evaluate() - CORE\src\View\View.php, line 815
Cake\View\View::_render() - CORE\src\View\View.php, line 775
Cake\View\View::render() - CORE\src\View\View.php, line 463
Cake\Controller\Controller::render() - CORE\src\Controller\Controller.php, line 576
Cake\Routing\Dispatcher::_invoke() - CORE\src\Routing\Dispatcher.php, line 120
Cake\Routing\Dispatcher::dispatch() - CORE\src\Routing\Dispatcher.php, line 87
[main] - ROOT\webroot\index.php, line 37



2015-02-27 07:33:01 Warning: Warning (4096): Argument 1 passed to Cake\Utility\Text::toList() must be of the type array, null given, called in E:\cakeblog\vendor\cakephp\cakephp\src\View\Helper\TextHelper.php on line 367 and defined in [E:\cakeblog\vendor\cakephp\cakephp\src\Utility\Text.php, line 655]
Trace:
Cake\Error\BaseErrorHandler::handleError() - CORE\src\Error\BaseErrorHandler.php, line 138
Cake\Utility\Text::toList() - CORE\src\Utility\Text.php, line 655
Cake\View\Helper\TextHelper::toList() - CORE\src\View\Helper\TextHelper.php, line 367
include - APP/Template\Bookmarks\tags.ctp, line 3
Cake\View\View::_evaluate() - CORE\src\View\View.php, line 815
Cake\View\View::_render() - CORE\src\View\View.php, line 775
Cake\View\View::render() - CORE\src\View\View.php, line 463
Cake\Controller\Controller::render() - CORE\src\Controller\Controller.php, line 576
Cake\Routing\Dispatcher::_invoke() - CORE\src\Routing\Dispatcher.php, line 120
Cake\Routing\Dispatcher::dispatch() - CORE\src\Routing\Dispatcher.php, line 87
[main] - ROOT\webroot\index.php, line 37



2015-02-27 07:33:01 Warning: Warning (2): array_pop() expects parameter 1 to be array, null given in [E:\cakeblog\vendor\cakephp\cakephp\src\Utility\Text.php, line 664]
Trace:
Cake\Error\BaseErrorHandler::handleError() - CORE\src\Error\BaseErrorHandler.php, line 138
array_pop - [internal], line ??
Cake\Utility\Text::toList() - CORE\src\Utility\Text.php, line 664
Cake\View\Helper\TextHelper::toList() - CORE\src\View\Helper\TextHelper.php, line 367
include - APP/Template\Bookmarks\tags.ctp, line 3
Cake\View\View::_evaluate() - CORE\src\View\View.php, line 815
Cake\View\View::_render() - CORE\src\View\View.php, line 775
Cake\View\View::render() - CORE\src\View\View.php, line 463
Cake\Controller\Controller::render() - CORE\src\Controller\Controller.php, line 576
Cake\Routing\Dispatcher::_invoke() - CORE\src\Routing\Dispatcher.php, line 120
Cake\Routing\Dispatcher::dispatch() - CORE\src\Routing\Dispatcher.php, line 87
[main] - ROOT\webroot\index.php, line 37



2015-02-27 07:33:01 Warning: Warning (4096): Argument 1 passed to Cake\Utility\Text::toList() must be of the type array, null given, called in E:\cakeblog\vendor\cakephp\cakephp\src\View\Helper\TextHelper.php on line 367 and defined in [E:\cakeblog\vendor\cakephp\cakephp\src\Utility\Text.php, line 655]
Trace:
Cake\Error\BaseErrorHandler::handleError() - CORE\src\Error\BaseErrorHandler.php, line 138
Cake\Utility\Text::toList() - CORE\src\Utility\Text.php, line 655
Cake\View\Helper\TextHelper::toList() - CORE\src\View\Helper\TextHelper.php, line 367
include - APP/Template\Bookmarks\tags.ctp, line 3
Cake\View\View::_evaluate() - CORE\src\View\View.php, line 815
Cake\View\View::_render() - CORE\src\View\View.php, line 775
Cake\View\View::render() - CORE\src\View\View.php, line 463
Cake\Controller\Controller::render() - CORE\src\Controller\Controller.php, line 576
Cake\Routing\Dispatcher::_invoke() - CORE\src\Routing\Dispatcher.php, line 120
Cake\Routing\Dispatcher::dispatch() - CORE\src\Routing\Dispatcher.php, line 87
[main] - ROOT\webroot\index.php, line 37



2015-02-27 07:33:01 Warning: Warning (2): array_pop() expects parameter 1 to be array, null given in [E:\cakeblog\vendor\cakephp\cakephp\src\Utility\Text.php, line 664]
Trace:
Cake\Error\BaseErrorHandler::handleError() - CORE\src\Error\BaseErrorHandler.php, line 138
array_pop - [internal], line ??
Cake\Utility\Text::toList() - CORE\src\Utility\Text.php, line 664
Cake\View\Helper\TextHelper::toList() - CORE\src\View\Helper\TextHelper.php, line 367
include - APP/Template\Bookmarks\tags.ctp, line 3
Cake\View\View::_evaluate() - CORE\src\View\View.php, line 815
Cake\View\View::_render() - CORE\src\View\View.php, line 775
Cake\View\View::render() - CORE\src\View\View.php, line 463
Cake\Controller\Controller::render() - CORE\src\Controller\Controller.php, line 576
Cake\Routing\Dispatcher::_invoke() - CORE\src\Routing\Dispatcher.php, line 120
Cake\Routing\Dispatcher::dispatch() - CORE\src\Routing\Dispatcher.php, line 87
[main] - ROOT\webroot\index.php, line 37



2015-02-27 07:33:02 Warning: Warning (4096): Argument 1 passed to Cake\Utility\Text::toList() must be of the type array, null given, called in E:\cakeblog\vendor\cakephp\cakephp\src\View\Helper\TextHelper.php on line 367 and defined in [E:\cakeblog\vendor\cakephp\cakephp\src\Utility\Text.php, line 655]
Trace:
Cake\Error\BaseErrorHandler::handleError() - CORE\src\Error\BaseErrorHandler.php, line 138
Cake\Utility\Text::toList() - CORE\src\Utility\Text.php, line 655
Cake\View\Helper\TextHelper::toList() - CORE\src\View\Helper\TextHelper.php, line 367
include - APP/Template\Bookmarks\tags.ctp, line 3
Cake\View\View::_evaluate() - CORE\src\View\View.php, line 815
Cake\View\View::_render() - CORE\src\View\View.php, line 775
Cake\View\View::render() - CORE\src\View\View.php, line 463
Cake\Controller\Controller::render() - CORE\src\Controller\Controller.php, line 576
Cake\Routing\Dispatcher::_invoke() - CORE\src\Routing\Dispatcher.php, line 120
Cake\Routing\Dispatcher::dispatch() - CORE\src\Routing\Dispatcher.php, line 87
[main] - ROOT\webroot\index.php, line 37



2015-02-27 07:33:02 Warning: Warning (2): array_pop() expects parameter 1 to be array, null given in [E:\cakeblog\vendor\cakephp\cakephp\src\Utility\Text.php, line 664]
Trace:
Cake\Error\BaseErrorHandler::handleError() - CORE\src\Error\BaseErrorHandler.php, line 138
array_pop - [internal], line ??
Cake\Utility\Text::toList() - CORE\src\Utility\Text.php, line 664
Cake\View\Helper\TextHelper::toList() - CORE\src\View\Helper\TextHelper.php, line 367
include - APP/Template\Bookmarks\tags.ctp, line 3
Cake\View\View::_evaluate() - CORE\src\View\View.php, line 815
Cake\View\View::_render() - CORE\src\View\View.php, line 775
Cake\View\View::render() - CORE\src\View\View.php, line 463
Cake\Controller\Controller::render() - CORE\src\Controller\Controller.php, line 576
Cake\Routing\Dispatcher::_invoke() - CORE\src\Routing\Dispatcher.php, line 120
Cake\Routing\Dispatcher::dispatch() - CORE\src\Routing\Dispatcher.php, line 87
[main] - ROOT\webroot\index.php, line 37



2015-02-27 07:33:22 Warning: Warning (4096): Argument 1 passed to Cake\Utility\Text::toList() must be of the type array, null given, called in E:\cakeblog\vendor\cakephp\cakephp\src\View\Helper\TextHelper.php on line 367 and defined in [E:\cakeblog\vendor\cakephp\cakephp\src\Utility\Text.php, line 655]
Trace:
Cake\Error\BaseErrorHandler::handleError() - CORE\src\Error\BaseErrorHandler.php, line 138
Cake\Utility\Text::toList() - CORE\src\Utility\Text.php, line 655
Cake\View\Helper\TextHelper::toList() - CORE\src\View\Helper\TextHelper.php, line 367
include - APP/Template\Bookmarks\tags.ctp, line 3
Cake\View\View::_evaluate() - CORE\src\View\View.php, line 815
Cake\View\View::_render() - CORE\src\View\View.php, line 775
Cake\View\View::render() - CORE\src\View\View.php, line 463
Cake\Controller\Controller::render() - CORE\src\Controller\Controller.php, line 576
Cake\Routing\Dispatcher::_invoke() - CORE\src\Routing\Dispatcher.php, line 120
Cake\Routing\Dispatcher::dispatch() - CORE\src\Routing\Dispatcher.php, line 87
[main] - ROOT\webroot\index.php, line 37



2015-02-27 07:33:22 Warning: Warning (2): array_pop() expects parameter 1 to be array, null given in [E:\cakeblog\vendor\cakephp\cakephp\src\Utility\Text.php, line 664]
Trace:
Cake\Error\BaseErrorHandler::handleError() - CORE\src\Error\BaseErrorHandler.php, line 138
array_pop - [internal], line ??
Cake\Utility\Text::toList() - CORE\src\Utility\Text.php, line 664
Cake\View\Helper\TextHelper::toList() - CORE\src\View\Helper\TextHelper.php, line 367
include - APP/Template\Bookmarks\tags.ctp, line 3
Cake\View\View::_evaluate() - CORE\src\View\View.php, line 815
Cake\View\View::_render() - CORE\src\View\View.php, line 775
Cake\View\View::render() - CORE\src\View\View.php, line 463
Cake\Controller\Controller::render() - CORE\src\Controller\Controller.php, line 576
Cake\Routing\Dispatcher::_invoke() - CORE\src\Routing\Dispatcher.php, line 120
Cake\Routing\Dispatcher::dispatch() - CORE\src\Routing\Dispatcher.php, line 87
[main] - ROOT\webroot\index.php, line 37



2015-02-27 07:34:35 Warning: Warning (4096): Argument 1 passed to Cake\Utility\Text::toList() must be of the type array, null given, called in E:\cakeblog\vendor\cakephp\cakephp\src\View\Helper\TextHelper.php on line 367 and defined in [E:\cakeblog\vendor\cakephp\cakephp\src\Utility\Text.php, line 655]
Trace:
Cake\Error\BaseErrorHandler::handleError() - CORE\src\Error\BaseErrorHandler.php, line 138
Cake\Utility\Text::toList() - CORE\src\Utility\Text.php, line 655
Cake\View\Helper\TextHelper::toList() - CORE\src\View\Helper\TextHelper.php, line 367
include - APP/Template\Bookmarks\tags.ctp, line 3
Cake\View\View::_evaluate() - CORE\src\View\View.php, line 815
Cake\View\View::_render() - CORE\src\View\View.php, line 775
Cake\View\View::render() - CORE\src\View\View.php, line 463
Cake\Controller\Controller::render() - CORE\src\Controller\Controller.php, line 576
Cake\Routing\Dispatcher::_invoke() - CORE\src\Routing\Dispatcher.php, line 120
Cake\Routing\Dispatcher::dispatch() - CORE\src\Routing\Dispatcher.php, line 87
[main] - ROOT\webroot\index.php, line 37



2015-02-27 07:34:35 Warning: Warning (2): array_pop() expects parameter 1 to be array, null given in [E:\cakeblog\vendor\cakephp\cakephp\src\Utility\Text.php, line 664]
Trace:
Cake\Error\BaseErrorHandler::handleError() - CORE\src\Error\BaseErrorHandler.php, line 138
array_pop - [internal], line ??
Cake\Utility\Text::toList() - CORE\src\Utility\Text.php, line 664
Cake\View\Helper\TextHelper::toList() - CORE\src\View\Helper\TextHelper.php, line 367
include - APP/Template\Bookmarks\tags.ctp, line 3
Cake\View\View::_evaluate() - CORE\src\View\View.php, line 815
Cake\View\View::_render() - CORE\src\View\View.php, line 775
Cake\View\View::render() - CORE\src\View\View.php, line 463
Cake\Controller\Controller::render() - CORE\src\Controller\Controller.php, line 576
Cake\Routing\Dispatcher::_invoke() - CORE\src\Routing\Dispatcher.php, line 120
Cake\Routing\Dispatcher::dispatch() - CORE\src\Routing\Dispatcher.php, line 87
[main] - ROOT\webroot\index.php, line 37



2015-02-27 07:34:59 Warning: Warning (4096): Argument 1 passed to Cake\Utility\Text::toList() must be of the type array, null given, called in E:\cakeblog\vendor\cakephp\cakephp\src\View\Helper\TextHelper.php on line 367 and defined in [E:\cakeblog\vendor\cakephp\cakephp\src\Utility\Text.php, line 655]
Trace:
Cake\Error\BaseErrorHandler::handleError() - CORE\src\Error\BaseErrorHandler.php, line 138
Cake\Utility\Text::toList() - CORE\src\Utility\Text.php, line 655
Cake\View\Helper\TextHelper::toList() - CORE\src\View\Helper\TextHelper.php, line 367
include - APP/Template\Bookmarks\tags.ctp, line 3
Cake\View\View::_evaluate() - CORE\src\View\View.php, line 815
Cake\View\View::_render() - CORE\src\View\View.php, line 775
Cake\View\View::render() - CORE\src\View\View.php, line 463
Cake\Controller\Controller::render() - CORE\src\Controller\Controller.php, line 576
Cake\Routing\Dispatcher::_invoke() - CORE\src\Routing\Dispatcher.php, line 120
Cake\Routing\Dispatcher::dispatch() - CORE\src\Routing\Dispatcher.php, line 87
[main] - ROOT\webroot\index.php, line 37



2015-02-27 07:34:59 Warning: Warning (2): array_pop() expects parameter 1 to be array, null given in [E:\cakeblog\vendor\cakephp\cakephp\src\Utility\Text.php, line 664]
Trace:
Cake\Error\BaseErrorHandler::handleError() - CORE\src\Error\BaseErrorHandler.php, line 138
array_pop - [internal], line ??
Cake\Utility\Text::toList() - CORE\src\Utility\Text.php, line 664
Cake\View\Helper\TextHelper::toList() - CORE\src\View\Helper\TextHelper.php, line 367
include - APP/Template\Bookmarks\tags.ctp, line 3
Cake\View\View::_evaluate() - CORE\src\View\View.php, line 815
Cake\View\View::_render() - CORE\src\View\View.php, line 775
Cake\View\View::render() - CORE\src\View\View.php, line 463
Cake\Controller\Controller::render() - CORE\src\Controller\Controller.php, line 576
Cake\Routing\Dispatcher::_invoke() - CORE\src\Routing\Dispatcher.php, line 120
Cake\Routing\Dispatcher::dispatch() - CORE\src\Routing\Dispatcher.php, line 87
[main] - ROOT\webroot\index.php, line 37



2015-02-27 09:16:38 Warning: Warning (4096): Argument 1 passed to App\Controller\UsersController::beforeFilter() must be an instance of App\Controller\Cake\Event\Event, instance of Cake\Event\Event given, called in E:\cakeblog\vendor\cakephp\cakephp\src\Event\EventManager.php on line 376 and defined in [E:\cakeblog\src\Controller\UsersController.php, line 25]
Trace:
Cake\Error\BaseErrorHandler::handleError() - CORE\src\Error\BaseErrorHandler.php, line 138
App\Controller\UsersController::beforeFilter() - APP/Controller\UsersController.php, line 25
Cake\Event\EventManager::_callListener() - CORE\src\Event\EventManager.php, line 376
Cake\Event\EventManager::dispatch() - CORE\src\Event\EventManager.php, line 346
Cake\Controller\Controller::dispatchEvent() - CORE\src\Event\EventManagerTrait.php, line 78
Cake\Controller\Controller::startupProcess() - CORE\src\Controller\Controller.php, line 467
Cake\Routing\Dispatcher::_invoke() - CORE\src\Routing\Dispatcher.php, line 109
Cake\Routing\Dispatcher::dispatch() - CORE\src\Routing\Dispatcher.php, line 87
[main] - ROOT\webroot\index.php, line 37



2015-02-27 09:57:43 Error: [PDOException] SQLSTATE[42S22]: Column not found: 1054 Unknown column 'Bookmark.user_id' in 'where clause'
Request URL: /bookmarks
Stack Trace:
#0 E:\cakeblog\vendor\cakephp\cakephp\src\Database\Statement\MysqlStatement.php(36): PDOStatement->execute(NULL)
#1 E:\cakeblog\vendor\cakephp\cakephp\src\Database\Statement\StatementDecorator.php(161): Cake\Database\Statement\MysqlStatement->execute(NULL)
#2 E:\cakeblog\vendor\cakephp\cakephp\src\Database\Log\LoggingStatement.php(55): Cake\Database\Statement\StatementDecorator->execute(NULL)
#3 E:\cakeblog\vendor\cakephp\cakephp\src\Database\Connection.php(274): Cake\Database\Log\LoggingStatement->execute()
#4 E:\cakeblog\vendor\cakephp\cakephp\src\Database\Query.php(174): Cake\Database\Connection->run(Object(Cake\ORM\Query))
#5 E:\cakeblog\vendor\cakephp\cakephp\src\ORM\Query.php(642): Cake\Database\Query->execute()
#6 E:\cakeblog\vendor\cakephp\cakephp\src\Datasource\QueryTrait.php(218): Cake\ORM\Query->_execute()
#7 E:\cakeblog\vendor\cakephp\cakephp\src\ORM\Query.php(593): Cake\ORM\Query->_all()
#8 E:\cakeblog\vendor\cakephp\cakephp\src\Controller\Component\PaginatorComponent.php(169): Cake\ORM\Query->all()
#9 E:\cakeblog\vendor\cakephp\cakephp\src\Controller\Controller.php(635): Cake\Controller\Component\PaginatorComponent->paginate(Object(App\Model\Table\BookmarksTable), Array)
#10 E:\cakeblog\src\Controller\BookmarksController.php(27): Cake\Controller\Controller->paginate(Object(App\Model\Table\BookmarksTable))
#11 [internal function]: App\Controller\BookmarksController->index()
#12 E:\cakeblog\vendor\cakephp\cakephp\src\Controller\Controller.php(405): call_user_func_array(Array, Array)
#13 E:\cakeblog\vendor\cakephp\cakephp\src\Routing\Dispatcher.php(114): Cake\Controller\Controller->invokeAction()
#14 E:\cakeblog\vendor\cakephp\cakephp\src\Routing\Dispatcher.php(87): Cake\Routing\Dispatcher->_invoke(Object(App\Controller\BookmarksController))
#15 E:\cakeblog\webroot\index.php(37): Cake\Routing\Dispatcher->dispatch(Object(Cake\Network\Request), Object(Cake\Network\Response))
#16 {main}


2015-02-28 00:58:30 Error: [Cake\Routing\Exception\MissingControllerException] Controller class Bookmarks. could not be found.
Exception Attributes: array (
  'class' => 'Bookmarks.',
  'plugin' => NULL,
  'prefix' => NULL,
  '_ext' => NULL,
)
Request URL: /bookmarks.
Stack Trace:
#0 E:\cakeblog\webroot\index.php(37): Cake\Routing\Dispatcher->dispatch(Object(Cake\Network\Request), Object(Cake\Network\Response))
#1 {main}


2015-02-28 00:58:49 Error: [PDOException] SQLSTATE[HY000] [2002] 由于目标计算机积极拒绝，无法连接。

Request URL: /users/login
Stack Trace:
#0 E:\cakeblog\vendor\cakephp\cakephp\src\Database\Driver\PDODriverTrait.php(48): PDO->__construct('mysql:host=loca...', 'root', 'root', Array)
#1 E:\cakeblog\vendor\cakephp\cakephp\src\Database\Driver\Mysql.php(86): Cake\Database\Driver\Mysql->_connect('mysql:host=loca...', Array)
#2 E:\cakeblog\vendor\cakephp\cakephp\src\Database\Schema\BaseSchema.php(46): Cake\Database\Driver\Mysql->connect()
#3 E:\cakeblog\vendor\cakephp\cakephp\src\Database\Dialect\MysqlDialectTrait.php(62): Cake\Database\Schema\BaseSchema->__construct(Object(Cake\Database\Driver\Mysql))
#4 E:\cakeblog\vendor\cakephp\cakephp\src\Database\Schema\Collection.php(52): Cake\Database\Driver\Mysql->schemaDialect()
#5 E:\cakeblog\vendor\cakephp\cakephp\src\Database\Schema\CachedCollection.php(44): Cake\Database\Schema\Collection->__construct(Object(Cake\Database\Connection))
#6 E:\cakeblog\vendor\cakephp\cakephp\src\Database\Connection.php(319): Cake\Database\Schema\CachedCollection->__construct(Object(Cake\Database\Connection), true)
#7 E:\cakeblog\vendor\cakephp\cakephp\src\ORM\Table.php(364): Cake\Database\Connection->schemaCollection()
#8 E:\cakeblog\vendor\cakephp\cakephp\src\ORM\Query.php(140): Cake\ORM\Table->schema()
#9 E:\cakeblog\vendor\cakephp\cakephp\src\ORM\Query.php(122): Cake\ORM\Query->addDefaultTypes(Object(App\Model\Table\UsersTable))
#10 E:\cakeblog\vendor\cakephp\cakephp\src\ORM\Table.php(1074): Cake\ORM\Query->__construct(Object(Cake\Database\Connection), Object(App\Model\Table\UsersTable))
#11 E:\cakeblog\vendor\cakephp\cakephp\src\ORM\Table.php(823): Cake\ORM\Table->query()
#12 E:\cakeblog\vendor\cakephp\cakephp\src\Auth\BaseAuthenticate.php(116): Cake\ORM\Table->find('all')
#13 E:\cakeblog\vendor\cakephp\cakephp\src\Auth\FormAuthenticate.php(77): Cake\Auth\BaseAuthenticate->_findUser('admin@admin.com', 'admin123')
#14 E:\cakeblog\vendor\cakephp\cakephp\src\Controller\Component\AuthComponent.php(742): Cake\Auth\FormAuthenticate->authenticate(Object(Cake\Network\Request), Object(Cake\Network\Response))
#15 E:\cakeblog\src\Controller\UsersController.php(117): Cake\Controller\Component\AuthComponent->identify()
#16 [internal function]: App\Controller\UsersController->login()
#17 E:\cakeblog\vendor\cakephp\cakephp\src\Controller\Controller.php(405): call_user_func_array(Array, Array)
#18 E:\cakeblog\vendor\cakephp\cakephp\src\Routing\Dispatcher.php(114): Cake\Controller\Controller->invokeAction()
#19 E:\cakeblog\vendor\cakephp\cakephp\src\Routing\Dispatcher.php(87): Cake\Routing\Dispatcher->_invoke(Object(App\Controller\UsersController))
#20 E:\cakeblog\webroot\index.php(37): Cake\Routing\Dispatcher->dispatch(Object(Cake\Network\Request), Object(Cake\Network\Response))
#21 {main}


2015-02-28 01:05:07 Error: [PDOException] SQLSTATE[HY000] [2002] 由于目标计算机积极拒绝，无法连接。

Request URL: /users/login
Stack Trace:
#0 E:\cakeblog\vendor\cakephp\cakephp\src\Database\Driver\PDODriverTrait.php(48): PDO->__construct('mysql:host=loca...', 'root', 'root', Array)
#1 E:\cakeblog\vendor\cakephp\cakephp\src\Database\Driver\Mysql.php(86): Cake\Database\Driver\Mysql->_connect('mysql:host=loca...', Array)
#2 E:\cakeblog\vendor\cakephp\cakephp\src\Database\Schema\BaseSchema.php(46): Cake\Database\Driver\Mysql->connect()
#3 E:\cakeblog\vendor\cakephp\cakephp\src\Database\Dialect\MysqlDialectTrait.php(62): Cake\Database\Schema\BaseSchema->__construct(Object(Cake\Database\Driver\Mysql))
#4 E:\cakeblog\vendor\cakephp\cakephp\src\Database\Schema\Collection.php(52): Cake\Database\Driver\Mysql->schemaDialect()
#5 E:\cakeblog\vendor\cakephp\cakephp\src\Database\Schema\CachedCollection.php(44): Cake\Database\Schema\Collection->__construct(Object(Cake\Database\Connection))
#6 E:\cakeblog\vendor\cakephp\cakephp\src\Database\Connection.php(319): Cake\Database\Schema\CachedCollection->__construct(Object(Cake\Database\Connection), true)
#7 E:\cakeblog\vendor\cakephp\cakephp\src\ORM\Table.php(364): Cake\Database\Connection->schemaCollection()
#8 E:\cakeblog\vendor\cakephp\cakephp\src\ORM\Query.php(140): Cake\ORM\Table->schema()
#9 E:\cakeblog\vendor\cakephp\cakephp\src\ORM\Query.php(122): Cake\ORM\Query->addDefaultTypes(Object(App\Model\Table\UsersTable))
#10 E:\cakeblog\vendor\cakephp\cakephp\src\ORM\Table.php(1074): Cake\ORM\Query->__construct(Object(Cake\Database\Connection), Object(App\Model\Table\UsersTable))
#11 E:\cakeblog\vendor\cakephp\cakephp\src\ORM\Table.php(823): Cake\ORM\Table->query()
#12 E:\cakeblog\vendor\cakephp\cakephp\src\Auth\BaseAuthenticate.php(116): Cake\ORM\Table->find('all')
#13 E:\cakeblog\vendor\cakephp\cakephp\src\Auth\FormAuthenticate.php(77): Cake\Auth\BaseAuthenticate->_findUser('admin@admin.com', 'admin123')
#14 E:\cakeblog\vendor\cakephp\cakephp\src\Controller\Component\AuthComponent.php(742): Cake\Auth\FormAuthenticate->authenticate(Object(Cake\Network\Request), Object(Cake\Network\Response))
#15 E:\cakeblog\src\Controller\UsersController.php(117): Cake\Controller\Component\AuthComponent->identify()
#16 [internal function]: App\Controller\UsersController->login()
#17 E:\cakeblog\vendor\cakephp\cakephp\src\Controller\Controller.php(405): call_user_func_array(Array, Array)
#18 E:\cakeblog\vendor\cakephp\cakephp\src\Routing\Dispatcher.php(114): Cake\Controller\Controller->invokeAction()
#19 E:\cakeblog\vendor\cakephp\cakephp\src\Routing\Dispatcher.php(87): Cake\Routing\Dispatcher->_invoke(Object(App\Controller\UsersController))
#20 E:\cakeblog\webroot\index.php(37): Cake\Routing\Dispatcher->dispatch(Object(Cake\Network\Request), Object(Cake\Network\Response))
#21 {main}


2015-02-28 01:05:20 Error: [PDOException] SQLSTATE[HY000] [2002] 由于目标计算机积极拒绝，无法连接。

Request URL: /users/login
Stack Trace:
#0 E:\cakeblog\vendor\cakephp\cakephp\src\Database\Driver\PDODriverTrait.php(48): PDO->__construct('mysql:host=loca...', 'root', 'root', Array)
#1 E:\cakeblog\vendor\cakephp\cakephp\src\Database\Driver\Mysql.php(86): Cake\Database\Driver\Mysql->_connect('mysql:host=loca...', Array)
#2 E:\cakeblog\vendor\cakephp\cakephp\src\Database\Schema\BaseSchema.php(46): Cake\Database\Driver\Mysql->connect()
#3 E:\cakeblog\vendor\cakephp\cakephp\src\Database\Dialect\MysqlDialectTrait.php(62): Cake\Database\Schema\BaseSchema->__construct(Object(Cake\Database\Driver\Mysql))
#4 E:\cakeblog\vendor\cakephp\cakephp\src\Database\Schema\Collection.php(52): Cake\Database\Driver\Mysql->schemaDialect()
#5 E:\cakeblog\vendor\cakephp\cakephp\src\Database\Schema\CachedCollection.php(44): Cake\Database\Schema\Collection->__construct(Object(Cake\Database\Connection))
#6 E:\cakeblog\vendor\cakephp\cakephp\src\Database\Connection.php(319): Cake\Database\Schema\CachedCollection->__construct(Object(Cake\Database\Connection), true)
#7 E:\cakeblog\vendor\cakephp\cakephp\src\ORM\Table.php(364): Cake\Database\Connection->schemaCollection()
#8 E:\cakeblog\vendor\cakephp\cakephp\src\ORM\Query.php(140): Cake\ORM\Table->schema()
#9 E:\cakeblog\vendor\cakephp\cakephp\src\ORM\Query.php(122): Cake\ORM\Query->addDefaultTypes(Object(App\Model\Table\UsersTable))
#10 E:\cakeblog\vendor\cakephp\cakephp\src\ORM\Table.php(1074): Cake\ORM\Query->__construct(Object(Cake\Database\Connection), Object(App\Model\Table\UsersTable))
#11 E:\cakeblog\vendor\cakephp\cakephp\src\ORM\Table.php(823): Cake\ORM\Table->query()
#12 E:\cakeblog\vendor\cakephp\cakephp\src\Auth\BaseAuthenticate.php(116): Cake\ORM\Table->find('all')
#13 E:\cakeblog\vendor\cakephp\cakephp\src\Auth\FormAuthenticate.php(77): Cake\Auth\BaseAuthenticate->_findUser('admin@admin.com', 'admin123')
#14 E:\cakeblog\vendor\cakephp\cakephp\src\Controller\Component\AuthComponent.php(742): Cake\Auth\FormAuthenticate->authenticate(Object(Cake\Network\Request), Object(Cake\Network\Response))
#15 E:\cakeblog\src\Controller\UsersController.php(117): Cake\Controller\Component\AuthComponent->identify()
#16 [internal function]: App\Controller\UsersController->login()
#17 E:\cakeblog\vendor\cakephp\cakephp\src\Controller\Controller.php(405): call_user_func_array(Array, Array)
#18 E:\cakeblog\vendor\cakephp\cakephp\src\Routing\Dispatcher.php(114): Cake\Controller\Controller->invokeAction()
#19 E:\cakeblog\vendor\cakephp\cakephp\src\Routing\Dispatcher.php(87): Cake\Routing\Dispatcher->_invoke(Object(App\Controller\UsersController))
#20 E:\cakeblog\webroot\index.php(37): Cake\Routing\Dispatcher->dispatch(Object(Cake\Network\Request), Object(Cake\Network\Response))
#21 {main}


2015-02-28 01:11:00 Error: [Cake\Routing\Exception\MissingControllerException] Controller class Phpinfo could not be found.
Exception Attributes: array (
  'class' => 'Phpinfo',
  'plugin' => NULL,
  'prefix' => NULL,
  '_ext' => NULL,
)
Request URL: /phpinfo
Stack Trace:
#0 E:\cakeblog\webroot\index.php(37): Cake\Routing\Dispatcher->dispatch(Object(Cake\Network\Request), Object(Cake\Network\Response))
#1 {main}


2015-02-28 01:12:08 Error: [PDOException] SQLSTATE[HY000] [2002] 由于目标计算机积极拒绝，无法连接。

Request URL: /users/login
Stack Trace:
#0 E:\cakeblog\vendor\cakephp\cakephp\src\Database\Driver\PDODriverTrait.php(48): PDO->__construct('mysql:host=loca...', 'root', 'root', Array)
#1 E:\cakeblog\vendor\cakephp\cakephp\src\Database\Driver\Mysql.php(86): Cake\Database\Driver\Mysql->_connect('mysql:host=loca...', Array)
#2 E:\cakeblog\vendor\cakephp\cakephp\src\Database\Schema\BaseSchema.php(46): Cake\Database\Driver\Mysql->connect()
#3 E:\cakeblog\vendor\cakephp\cakephp\src\Database\Dialect\MysqlDialectTrait.php(62): Cake\Database\Schema\BaseSchema->__construct(Object(Cake\Database\Driver\Mysql))
#4 E:\cakeblog\vendor\cakephp\cakephp\src\Database\Schema\Collection.php(52): Cake\Database\Driver\Mysql->schemaDialect()
#5 E:\cakeblog\vendor\cakephp\cakephp\src\Database\Schema\CachedCollection.php(44): Cake\Database\Schema\Collection->__construct(Object(Cake\Database\Connection))
#6 E:\cakeblog\vendor\cakephp\cakephp\src\Database\Connection.php(319): Cake\Database\Schema\CachedCollection->__construct(Object(Cake\Database\Connection), true)
#7 E:\cakeblog\vendor\cakephp\cakephp\src\ORM\Table.php(364): Cake\Database\Connection->schemaCollection()
#8 E:\cakeblog\vendor\cakephp\cakephp\src\ORM\Query.php(140): Cake\ORM\Table->schema()
#9 E:\cakeblog\vendor\cakephp\cakephp\src\ORM\Query.php(122): Cake\ORM\Query->addDefaultTypes(Object(App\Model\Table\UsersTable))
#10 E:\cakeblog\vendor\cakephp\cakephp\src\ORM\Table.php(1074): Cake\ORM\Query->__construct(Object(Cake\Database\Connection), Object(App\Model\Table\UsersTable))
#11 E:\cakeblog\vendor\cakephp\cakephp\src\ORM\Table.php(823): Cake\ORM\Table->query()
#12 E:\cakeblog\vendor\cakephp\cakephp\src\Auth\BaseAuthenticate.php(116): Cake\ORM\Table->find('all')
#13 E:\cakeblog\vendor\cakephp\cakephp\src\Auth\FormAuthenticate.php(77): Cake\Auth\BaseAuthenticate->_findUser('admin@admin.com', 'admin123')
#14 E:\cakeblog\vendor\cakephp\cakephp\src\Controller\Component\AuthComponent.php(742): Cake\Auth\FormAuthenticate->authenticate(Object(Cake\Network\Request), Object(Cake\Network\Response))
#15 E:\cakeblog\src\Controller\UsersController.php(117): Cake\Controller\Component\AuthComponent->identify()
#16 [internal function]: App\Controller\UsersController->login()
#17 E:\cakeblog\vendor\cakephp\cakephp\src\Controller\Controller.php(405): call_user_func_array(Array, Array)
#18 E:\cakeblog\vendor\cakephp\cakephp\src\Routing\Dispatcher.php(114): Cake\Controller\Controller->invokeAction()
#19 E:\cakeblog\vendor\cakephp\cakephp\src\Routing\Dispatcher.php(87): Cake\Routing\Dispatcher->_invoke(Object(App\Controller\UsersController))
#20 E:\cakeblog\webroot\index.php(37): Cake\Routing\Dispatcher->dispatch(Object(Cake\Network\Request), Object(Cake\Network\Response))
#21 {main}


2015-02-28 01:23:04 Error: [PDOException] SQLSTATE[HY000] [2002] 由于目标计算机积极拒绝，无法连接。

Request URL: /users/login
Stack Trace:
#0 E:\cakeblog\vendor\cakephp\cakephp\src\Database\Driver\PDODriverTrait.php(48): PDO->__construct('mysql:host=loca...', 'root', 'root', Array)
#1 E:\cakeblog\vendor\cakephp\cakephp\src\Database\Driver\Mysql.php(86): Cake\Database\Driver\Mysql->_connect('mysql:host=loca...', Array)
#2 E:\cakeblog\vendor\cakephp\cakephp\src\Database\Schema\BaseSchema.php(46): Cake\Database\Driver\Mysql->connect()
#3 E:\cakeblog\vendor\cakephp\cakephp\src\Database\Dialect\MysqlDialectTrait.php(62): Cake\Database\Schema\BaseSchema->__construct(Object(Cake\Database\Driver\Mysql))
#4 E:\cakeblog\vendor\cakephp\cakephp\src\Database\Schema\Collection.php(52): Cake\Database\Driver\Mysql->schemaDialect()
#5 E:\cakeblog\vendor\cakephp\cakephp\src\Database\Schema\CachedCollection.php(44): Cake\Database\Schema\Collection->__construct(Object(Cake\Database\Connection))
#6 E:\cakeblog\vendor\cakephp\cakephp\src\Database\Connection.php(319): Cake\Database\Schema\CachedCollection->__construct(Object(Cake\Database\Connection), true)
#7 E:\cakeblog\vendor\cakephp\cakephp\src\ORM\Table.php(364): Cake\Database\Connection->schemaCollection()
#8 E:\cakeblog\vendor\cakephp\cakephp\src\ORM\Query.php(140): Cake\ORM\Table->schema()
#9 E:\cakeblog\vendor\cakephp\cakephp\src\ORM\Query.php(122): Cake\ORM\Query->addDefaultTypes(Object(App\Model\Table\UsersTable))
#10 E:\cakeblog\vendor\cakephp\cakephp\src\ORM\Table.php(1074): Cake\ORM\Query->__construct(Object(Cake\Database\Connection), Object(App\Model\Table\UsersTable))
#11 E:\cakeblog\vendor\cakephp\cakephp\src\ORM\Table.php(823): Cake\ORM\Table->query()
#12 E:\cakeblog\vendor\cakephp\cakephp\src\Auth\BaseAuthenticate.php(116): Cake\ORM\Table->find('all')
#13 E:\cakeblog\vendor\cakephp\cakephp\src\Auth\FormAuthenticate.php(77): Cake\Auth\BaseAuthenticate->_findUser('admin@admin.com', 'admin123')
#14 E:\cakeblog\vendor\cakephp\cakephp\src\Controller\Component\AuthComponent.php(742): Cake\Auth\FormAuthenticate->authenticate(Object(Cake\Network\Request), Object(Cake\Network\Response))
#15 E:\cakeblog\src\Controller\UsersController.php(117): Cake\Controller\Component\AuthComponent->identify()
#16 [internal function]: App\Controller\UsersController->login()
#17 E:\cakeblog\vendor\cakephp\cakephp\src\Controller\Controller.php(405): call_user_func_array(Array, Array)
#18 E:\cakeblog\vendor\cakephp\cakephp\src\Routing\Dispatcher.php(114): Cake\Controller\Controller->invokeAction()
#19 E:\cakeblog\vendor\cakephp\cakephp\src\Routing\Dispatcher.php(87): Cake\Routing\Dispatcher->_invoke(Object(App\Controller\UsersController))
#20 E:\cakeblog\webroot\index.php(37): Cake\Routing\Dispatcher->dispatch(Object(Cake\Network\Request), Object(Cake\Network\Response))
#21 {main}


2015-02-28 03:21:09 Error: [InvalidArgumentException] Tags is not associated with BookmarksTags
Request URL: /tags/view/1
Stack Trace:
#0 E:\cakeblog\vendor\cakephp\cakephp\src\ORM\EagerLoader.php(209): Cake\ORM\EagerLoader->_normalizeContain(Object(App\Model\Table\TagsTable), 'BookmarksTags', Array, Array)
#1 E:\cakeblog\vendor\cakephp\cakephp\src\ORM\EagerLoader.php(314): Cake\ORM\EagerLoader->normalized(Object(App\Model\Table\TagsTable))
#2 E:\cakeblog\vendor\cakephp\cakephp\src\ORM\EagerLoader.php(293): Cake\ORM\EagerLoader->attachableAssociations(Object(App\Model\Table\TagsTable))
#3 E:\cakeblog\vendor\cakephp\cakephp\src\ORM\Query.php(667): Cake\ORM\EagerLoader->attachAssociations(Object(Cake\ORM\Query), Object(App\Model\Table\TagsTable), true)
#4 E:\cakeblog\vendor\cakephp\cakephp\src\ORM\Query.php(623): Cake\ORM\Query->_transformQuery()
#5 E:\cakeblog\vendor\cakephp\cakephp\src\Database\Driver\Mysql.php(116): Cake\ORM\Query->sql()
#6 E:\cakeblog\vendor\cakephp\cakephp\src\Database\Connection.php(220): Cake\Database\Driver\Mysql->prepare(Object(Cake\ORM\Query))
#7 E:\cakeblog\vendor\cakephp\cakephp\src\Database\Connection.php(272): Cake\Database\Connection->prepare(Object(Cake\ORM\Query))
#8 E:\cakeblog\vendor\cakephp\cakephp\src\Database\Query.php(174): Cake\Database\Connection->run(Object(Cake\ORM\Query))
#9 E:\cakeblog\vendor\cakephp\cakephp\src\ORM\Query.php(642): Cake\Database\Query->execute()
#10 E:\cakeblog\vendor\cakephp\cakephp\src\Datasource\QueryTrait.php(218): Cake\ORM\Query->_execute()
#11 E:\cakeblog\vendor\cakephp\cakephp\src\ORM\Query.php(593): Cake\ORM\Query->_all()
#12 E:\cakeblog\vendor\cakephp\cakephp\src\Datasource\QueryTrait.php(340): Cake\ORM\Query->all()
#13 E:\cakeblog\vendor\cakephp\cakephp\src\Datasource\QueryTrait.php(351): Cake\ORM\Query->first()
#14 E:\cakeblog\vendor\cakephp\cakephp\src\ORM\Table.php(1037): Cake\ORM\Query->firstOrFail()
#15 E:\cakeblog\src\Controller\TagsController.php(36): Cake\ORM\Table->get('1', Array)
#16 [internal function]: App\Controller\TagsController->view('1')
#17 E:\cakeblog\vendor\cakephp\cakephp\src\Controller\Controller.php(405): call_user_func_array(Array, Array)
#18 E:\cakeblog\vendor\cakephp\cakephp\src\Routing\Dispatcher.php(114): Cake\Controller\Controller->invokeAction()
#19 E:\cakeblog\vendor\cakephp\cakephp\src\Routing\Dispatcher.php(87): Cake\Routing\Dispatcher->_invoke(Object(App\Controller\TagsController))
#20 E:\cakeblog\webroot\index.php(37): Cake\Routing\Dispatcher->dispatch(Object(Cake\Network\Request), Object(Cake\Network\Response))
#21 {main}


2015-02-28 03:21:27 Error: [Cake\Routing\Exception\MissingControllerException] Controller class BookmarksTags could not be found.
Exception Attributes: array (
  'class' => 'BookmarksTags',
  'plugin' => NULL,
  'prefix' => NULL,
  '_ext' => NULL,
)
Request URL: /bookmarks_tags
Stack Trace:
#0 E:\cakeblog\webroot\index.php(37): Cake\Routing\Dispatcher->dispatch(Object(Cake\Network\Request), Object(Cake\Network\Response))
#1 {main}


